CRITICAL - 2024-11-29 22:50:24 --> ErrorException: Undefined array key "imageFile"
[Method: GET, Route: upload]
in APPPATH\Views\upload.php on line 16.
 1 APPPATH\Views\upload.php(16): CodeIgniter\Debug\Exceptions->errorHandler(2, 'Undefined array key "imageFile"', 'C:\\laragon\\www\\MetoPark\\app\\Views\\upload.php', 16)
 2 SYSTEMPATH\View\View.php(234): include('C:\\laragon\\www\\MetoPark\\app\\Views\\upload.php')
 3 SYSTEMPATH\View\View.php(237): CodeIgniter\View\View->CodeIgniter\View\{closure}()
 4 SYSTEMPATH\Common.php(1171): CodeIgniter\View\View->render('upload', [], true)
 5 APPPATH\Controllers\Home.php(13): view('upload')
 6 SYSTEMPATH\CodeIgniter.php(933): App\Controllers\Home->upload()
 7 SYSTEMPATH\CodeIgniter.php(509): CodeIgniter\CodeIgniter->runController(Object(App\Controllers\Home))
 8 SYSTEMPATH\CodeIgniter.php(355): CodeIgniter\CodeIgniter->handleRequest(null, Object(Config\Cache), false)
 9 SYSTEMPATH\Boot.php(325): CodeIgniter\CodeIgniter->run()
10 SYSTEMPATH\Boot.php(67): CodeIgniter\Boot::runCodeIgniter(Object(CodeIgniter\CodeIgniter))
11 FCPATH\index.php(56): CodeIgniter\Boot::bootWeb(Object(Config\Paths))
12 SYSTEMPATH\rewrite.php(44): require_once('C:\\laragon\\www\\MetoPark\\public\\index.php')
CRITICAL - 2024-11-29 22:51:54 --> ErrorException: Undefined array key "imageFile"
[Method: GET, Route: upload]
in APPPATH\Views\upload.php on line 13.
 1 APPPATH\Views\upload.php(13): CodeIgniter\Debug\Exceptions->errorHandler(2, 'Undefined array key "imageFile"', 'C:\\laragon\\www\\MetoPark\\app\\Views\\upload.php', 13)
 2 SYSTEMPATH\View\View.php(234): include('C:\\laragon\\www\\MetoPark\\app\\Views\\upload.php')
 3 SYSTEMPATH\View\View.php(237): CodeIgniter\View\View->CodeIgniter\View\{closure}()
 4 SYSTEMPATH\Common.php(1171): CodeIgniter\View\View->render('upload', [], true)
 5 APPPATH\Controllers\Home.php(13): view('upload')
 6 SYSTEMPATH\CodeIgniter.php(933): App\Controllers\Home->upload()
 7 SYSTEMPATH\CodeIgniter.php(509): CodeIgniter\CodeIgniter->runController(Object(App\Controllers\Home))
 8 SYSTEMPATH\CodeIgniter.php(355): CodeIgniter\CodeIgniter->handleRequest(null, Object(Config\Cache), false)
 9 SYSTEMPATH\Boot.php(325): CodeIgniter\CodeIgniter->run()
10 SYSTEMPATH\Boot.php(67): CodeIgniter\Boot::runCodeIgniter(Object(CodeIgniter\CodeIgniter))
11 FCPATH\index.php(56): CodeIgniter\Boot::bootWeb(Object(Config\Paths))
12 SYSTEMPATH\rewrite.php(44): require_once('C:\\laragon\\www\\MetoPark\\public\\index.php')
CRITICAL - 2024-11-29 22:51:55 --> ErrorException: Undefined array key "imageFile"
[Method: GET, Route: upload]
in APPPATH\Views\upload.php on line 13.
 1 APPPATH\Views\upload.php(13): CodeIgniter\Debug\Exceptions->errorHandler(2, 'Undefined array key "imageFile"', 'C:\\laragon\\www\\MetoPark\\app\\Views\\upload.php', 13)
 2 SYSTEMPATH\View\View.php(234): include('C:\\laragon\\www\\MetoPark\\app\\Views\\upload.php')
 3 SYSTEMPATH\View\View.php(237): CodeIgniter\View\View->CodeIgniter\View\{closure}()
 4 SYSTEMPATH\Common.php(1171): CodeIgniter\View\View->render('upload', [], true)
 5 APPPATH\Controllers\Home.php(13): view('upload')
 6 SYSTEMPATH\CodeIgniter.php(933): App\Controllers\Home->upload()
 7 SYSTEMPATH\CodeIgniter.php(509): CodeIgniter\CodeIgniter->runController(Object(App\Controllers\Home))
 8 SYSTEMPATH\CodeIgniter.php(355): CodeIgniter\CodeIgniter->handleRequest(null, Object(Config\Cache), false)
 9 SYSTEMPATH\Boot.php(325): CodeIgniter\CodeIgniter->run()
10 SYSTEMPATH\Boot.php(67): CodeIgniter\Boot::runCodeIgniter(Object(CodeIgniter\CodeIgniter))
11 FCPATH\index.php(56): CodeIgniter\Boot::bootWeb(Object(Config\Paths))
12 SYSTEMPATH\rewrite.php(44): require_once('C:\\laragon\\www\\MetoPark\\public\\index.php')
CRITICAL - 2024-11-29 22:51:56 --> ErrorException: Undefined array key "imageFile"
[Method: GET, Route: upload]
in APPPATH\Views\upload.php on line 13.
 1 APPPATH\Views\upload.php(13): CodeIgniter\Debug\Exceptions->errorHandler(2, 'Undefined array key "imageFile"', 'C:\\laragon\\www\\MetoPark\\app\\Views\\upload.php', 13)
 2 SYSTEMPATH\View\View.php(234): include('C:\\laragon\\www\\MetoPark\\app\\Views\\upload.php')
 3 SYSTEMPATH\View\View.php(237): CodeIgniter\View\View->CodeIgniter\View\{closure}()
 4 SYSTEMPATH\Common.php(1171): CodeIgniter\View\View->render('upload', [], true)
 5 APPPATH\Controllers\Home.php(13): view('upload')
 6 SYSTEMPATH\CodeIgniter.php(933): App\Controllers\Home->upload()
 7 SYSTEMPATH\CodeIgniter.php(509): CodeIgniter\CodeIgniter->runController(Object(App\Controllers\Home))
 8 SYSTEMPATH\CodeIgniter.php(355): CodeIgniter\CodeIgniter->handleRequest(null, Object(Config\Cache), false)
 9 SYSTEMPATH\Boot.php(325): CodeIgniter\CodeIgniter->run()
10 SYSTEMPATH\Boot.php(67): CodeIgniter\Boot::runCodeIgniter(Object(CodeIgniter\CodeIgniter))
11 FCPATH\index.php(56): CodeIgniter\Boot::bootWeb(Object(Config\Paths))
12 SYSTEMPATH\rewrite.php(44): require_once('C:\\laragon\\www\\MetoPark\\public\\index.php')
CRITICAL - 2024-11-29 22:51:57 --> ErrorException: Undefined array key "imageFile"
[Method: GET, Route: upload]
in APPPATH\Views\upload.php on line 13.
 1 APPPATH\Views\upload.php(13): CodeIgniter\Debug\Exceptions->errorHandler(2, 'Undefined array key "imageFile"', 'C:\\laragon\\www\\MetoPark\\app\\Views\\upload.php', 13)
 2 SYSTEMPATH\View\View.php(234): include('C:\\laragon\\www\\MetoPark\\app\\Views\\upload.php')
 3 SYSTEMPATH\View\View.php(237): CodeIgniter\View\View->CodeIgniter\View\{closure}()
 4 SYSTEMPATH\Common.php(1171): CodeIgniter\View\View->render('upload', [], true)
 5 APPPATH\Controllers\Home.php(13): view('upload')
 6 SYSTEMPATH\CodeIgniter.php(933): App\Controllers\Home->upload()
 7 SYSTEMPATH\CodeIgniter.php(509): CodeIgniter\CodeIgniter->runController(Object(App\Controllers\Home))
 8 SYSTEMPATH\CodeIgniter.php(355): CodeIgniter\CodeIgniter->handleRequest(null, Object(Config\Cache), false)
 9 SYSTEMPATH\Boot.php(325): CodeIgniter\CodeIgniter->run()
10 SYSTEMPATH\Boot.php(67): CodeIgniter\Boot::runCodeIgniter(Object(CodeIgniter\CodeIgniter))
11 FCPATH\index.php(56): CodeIgniter\Boot::bootWeb(Object(Config\Paths))
12 SYSTEMPATH\rewrite.php(44): require_once('C:\\laragon\\www\\MetoPark\\public\\index.php')
CRITICAL - 2024-11-29 16:19:25 --> CodeIgniter\Filters\Exceptions\FilterException: "auth" filter must have a matching alias defined.
[Method: GET, Route: /]
in SYSTEMPATH\Filters\Filters.php on line 778.
 1 SYSTEMPATH\Filters\Filters.php(778): CodeIgniter\Filters\Exceptions\FilterException::forNoAlias('auth')
 2 SYSTEMPATH\Filters\Filters.php(407): CodeIgniter\Filters\Filters->processAliasesToClass('after')
 3 SYSTEMPATH\Filters\Filters.php(181): CodeIgniter\Filters\Filters->initialize('')
 4 SYSTEMPATH\CodeIgniter.php(481): CodeIgniter\Filters\Filters->run('', 'before')
 5 SYSTEMPATH\CodeIgniter.php(355): CodeIgniter\CodeIgniter->handleRequest(null, Object(Config\Cache), false)
 6 SYSTEMPATH\Boot.php(325): CodeIgniter\CodeIgniter->run()
 7 SYSTEMPATH\Boot.php(67): CodeIgniter\Boot::runCodeIgniter(Object(CodeIgniter\CodeIgniter))
 8 FCPATH\index.php(56): CodeIgniter\Boot::bootWeb(Object(Config\Paths))
 9 SYSTEMPATH\rewrite.php(44): require_once('C:\\laragon\\www\\MetoPark\\public\\index.php')
INFO - 2024-11-29 16:23:10 --> Session: Class initialized using 'CodeIgniter\Session\Handlers\FileHandler' driver.
CRITICAL - 2024-11-29 16:23:10 --> Error: Call to a member function check() on null
[Method: GET, Route: /]
in APPPATH\Filters\AuthFilter.php on line 18.
 1 SYSTEMPATH\Filters\Filters.php(205): App\Filters\AuthFilter->before(Object(CodeIgniter\HTTP\IncomingRequest), null)
 2 SYSTEMPATH\Filters\Filters.php(184): CodeIgniter\Filters\Filters->runBefore([...])
 3 SYSTEMPATH\CodeIgniter.php(481): CodeIgniter\Filters\Filters->run('', 'before')
 4 SYSTEMPATH\CodeIgniter.php(355): CodeIgniter\CodeIgniter->handleRequest(null, Object(Config\Cache), false)
 5 SYSTEMPATH\Boot.php(325): CodeIgniter\CodeIgniter->run()
 6 SYSTEMPATH\Boot.php(67): CodeIgniter\Boot::runCodeIgniter(Object(CodeIgniter\CodeIgniter))
 7 FCPATH\index.php(56): CodeIgniter\Boot::bootWeb(Object(Config\Paths))
 8 SYSTEMPATH\rewrite.php(44): require_once('C:\\laragon\\www\\MetoPark\\public\\index.php')
INFO - 2024-11-29 16:23:11 --> Session: Class initialized using 'CodeIgniter\Session\Handlers\FileHandler' driver.
CRITICAL - 2024-11-29 16:23:11 --> Error: Call to a member function check() on null
[Method: GET, Route: /]
in APPPATH\Filters\AuthFilter.php on line 18.
 1 SYSTEMPATH\Filters\Filters.php(205): App\Filters\AuthFilter->before(Object(CodeIgniter\HTTP\IncomingRequest), null)
 2 SYSTEMPATH\Filters\Filters.php(184): CodeIgniter\Filters\Filters->runBefore([...])
 3 SYSTEMPATH\CodeIgniter.php(481): CodeIgniter\Filters\Filters->run('', 'before')
 4 SYSTEMPATH\CodeIgniter.php(355): CodeIgniter\CodeIgniter->handleRequest(null, Object(Config\Cache), false)
 5 SYSTEMPATH\Boot.php(325): CodeIgniter\CodeIgniter->run()
 6 SYSTEMPATH\Boot.php(67): CodeIgniter\Boot::runCodeIgniter(Object(CodeIgniter\CodeIgniter))
 7 FCPATH\index.php(56): CodeIgniter\Boot::bootWeb(Object(Config\Paths))
 8 SYSTEMPATH\rewrite.php(44): require_once('C:\\laragon\\www\\MetoPark\\public\\index.php')
CRITICAL - 2024-11-29 16:24:30 --> Error: Call to a member function check() on null
[Method: GET, Route: /]
in APPPATH\Filters\AuthFilter.php on line 23.
 1 SYSTEMPATH\Filters\Filters.php(205): App\Filters\AuthFilter->before(Object(CodeIgniter\HTTP\IncomingRequest), null)
 2 SYSTEMPATH\Filters\Filters.php(184): CodeIgniter\Filters\Filters->runBefore([...])
 3 SYSTEMPATH\CodeIgniter.php(481): CodeIgniter\Filters\Filters->run('', 'before')
 4 SYSTEMPATH\CodeIgniter.php(355): CodeIgniter\CodeIgniter->handleRequest(null, Object(Config\Cache), false)
 5 SYSTEMPATH\Boot.php(325): CodeIgniter\CodeIgniter->run()
 6 SYSTEMPATH\Boot.php(67): CodeIgniter\Boot::runCodeIgniter(Object(CodeIgniter\CodeIgniter))
 7 FCPATH\index.php(56): CodeIgniter\Boot::bootWeb(Object(Config\Paths))
 8 SYSTEMPATH\rewrite.php(44): require_once('C:\\laragon\\www\\MetoPark\\public\\index.php')
CRITICAL - 2024-11-29 16:24:31 --> Error: Call to a member function check() on null
[Method: GET, Route: /]
in APPPATH\Filters\AuthFilter.php on line 23.
 1 SYSTEMPATH\Filters\Filters.php(205): App\Filters\AuthFilter->before(Object(CodeIgniter\HTTP\IncomingRequest), null)
 2 SYSTEMPATH\Filters\Filters.php(184): CodeIgniter\Filters\Filters->runBefore([...])
 3 SYSTEMPATH\CodeIgniter.php(481): CodeIgniter\Filters\Filters->run('', 'before')
 4 SYSTEMPATH\CodeIgniter.php(355): CodeIgniter\CodeIgniter->handleRequest(null, Object(Config\Cache), false)
 5 SYSTEMPATH\Boot.php(325): CodeIgniter\CodeIgniter->run()
 6 SYSTEMPATH\Boot.php(67): CodeIgniter\Boot::runCodeIgniter(Object(CodeIgniter\CodeIgniter))
 7 FCPATH\index.php(56): CodeIgniter\Boot::bootWeb(Object(Config\Paths))
 8 SYSTEMPATH\rewrite.php(44): require_once('C:\\laragon\\www\\MetoPark\\public\\index.php')
CRITICAL - 2024-11-29 16:24:32 --> Error: Call to a member function check() on null
[Method: GET, Route: /]
in APPPATH\Filters\AuthFilter.php on line 23.
 1 SYSTEMPATH\Filters\Filters.php(205): App\Filters\AuthFilter->before(Object(CodeIgniter\HTTP\IncomingRequest), null)
 2 SYSTEMPATH\Filters\Filters.php(184): CodeIgniter\Filters\Filters->runBefore([...])
 3 SYSTEMPATH\CodeIgniter.php(481): CodeIgniter\Filters\Filters->run('', 'before')
 4 SYSTEMPATH\CodeIgniter.php(355): CodeIgniter\CodeIgniter->handleRequest(null, Object(Config\Cache), false)
 5 SYSTEMPATH\Boot.php(325): CodeIgniter\CodeIgniter->run()
 6 SYSTEMPATH\Boot.php(67): CodeIgniter\Boot::runCodeIgniter(Object(CodeIgniter\CodeIgniter))
 7 FCPATH\index.php(56): CodeIgniter\Boot::bootWeb(Object(Config\Paths))
 8 SYSTEMPATH\rewrite.php(44): require_once('C:\\laragon\\www\\MetoPark\\public\\index.php')
CRITICAL - 2024-11-29 16:24:49 --> Error: Call to a member function check() on null
[Method: GET, Route: /]
in APPPATH\Filters\AuthFilter.php on line 23.
 1 SYSTEMPATH\Filters\Filters.php(205): App\Filters\AuthFilter->before(Object(CodeIgniter\HTTP\IncomingRequest), null)
 2 SYSTEMPATH\Filters\Filters.php(184): CodeIgniter\Filters\Filters->runBefore([...])
 3 SYSTEMPATH\CodeIgniter.php(481): CodeIgniter\Filters\Filters->run('', 'before')
 4 SYSTEMPATH\CodeIgniter.php(355): CodeIgniter\CodeIgniter->handleRequest(null, Object(Config\Cache), false)
 5 SYSTEMPATH\Boot.php(325): CodeIgniter\CodeIgniter->run()
 6 SYSTEMPATH\Boot.php(67): CodeIgniter\Boot::runCodeIgniter(Object(CodeIgniter\CodeIgniter))
 7 FCPATH\index.php(56): CodeIgniter\Boot::bootWeb(Object(Config\Paths))
 8 SYSTEMPATH\rewrite.php(44): require_once('C:\\laragon\\www\\MetoPark\\public\\index.php')
CRITICAL - 2024-11-29 16:24:50 --> Error: Call to a member function check() on null
[Method: GET, Route: /]
in APPPATH\Filters\AuthFilter.php on line 23.
 1 SYSTEMPATH\Filters\Filters.php(205): App\Filters\AuthFilter->before(Object(CodeIgniter\HTTP\IncomingRequest), null)
 2 SYSTEMPATH\Filters\Filters.php(184): CodeIgniter\Filters\Filters->runBefore([...])
 3 SYSTEMPATH\CodeIgniter.php(481): CodeIgniter\Filters\Filters->run('', 'before')
 4 SYSTEMPATH\CodeIgniter.php(355): CodeIgniter\CodeIgniter->handleRequest(null, Object(Config\Cache), false)
 5 SYSTEMPATH\Boot.php(325): CodeIgniter\CodeIgniter->run()
 6 SYSTEMPATH\Boot.php(67): CodeIgniter\Boot::runCodeIgniter(Object(CodeIgniter\CodeIgniter))
 7 FCPATH\index.php(56): CodeIgniter\Boot::bootWeb(Object(Config\Paths))
 8 SYSTEMPATH\rewrite.php(44): require_once('C:\\laragon\\www\\MetoPark\\public\\index.php')
CRITICAL - 2024-11-29 16:24:51 --> Error: Call to a member function check() on null
[Method: GET, Route: /]
in APPPATH\Filters\AuthFilter.php on line 23.
 1 SYSTEMPATH\Filters\Filters.php(205): App\Filters\AuthFilter->before(Object(CodeIgniter\HTTP\IncomingRequest), null)
 2 SYSTEMPATH\Filters\Filters.php(184): CodeIgniter\Filters\Filters->runBefore([...])
 3 SYSTEMPATH\CodeIgniter.php(481): CodeIgniter\Filters\Filters->run('', 'before')
 4 SYSTEMPATH\CodeIgniter.php(355): CodeIgniter\CodeIgniter->handleRequest(null, Object(Config\Cache), false)
 5 SYSTEMPATH\Boot.php(325): CodeIgniter\CodeIgniter->run()
 6 SYSTEMPATH\Boot.php(67): CodeIgniter\Boot::runCodeIgniter(Object(CodeIgniter\CodeIgniter))
 7 FCPATH\index.php(56): CodeIgniter\Boot::bootWeb(Object(Config\Paths))
 8 SYSTEMPATH\rewrite.php(44): require_once('C:\\laragon\\www\\MetoPark\\public\\index.php')
CRITICAL - 2024-11-29 16:24:51 --> Error: Call to a member function check() on null
[Method: GET, Route: /]
in APPPATH\Filters\AuthFilter.php on line 23.
 1 SYSTEMPATH\Filters\Filters.php(205): App\Filters\AuthFilter->before(Object(CodeIgniter\HTTP\IncomingRequest), null)
 2 SYSTEMPATH\Filters\Filters.php(184): CodeIgniter\Filters\Filters->runBefore([...])
 3 SYSTEMPATH\CodeIgniter.php(481): CodeIgniter\Filters\Filters->run('', 'before')
 4 SYSTEMPATH\CodeIgniter.php(355): CodeIgniter\CodeIgniter->handleRequest(null, Object(Config\Cache), false)
 5 SYSTEMPATH\Boot.php(325): CodeIgniter\CodeIgniter->run()
 6 SYSTEMPATH\Boot.php(67): CodeIgniter\Boot::runCodeIgniter(Object(CodeIgniter\CodeIgniter))
 7 FCPATH\index.php(56): CodeIgniter\Boot::bootWeb(Object(Config\Paths))
 8 SYSTEMPATH\rewrite.php(44): require_once('C:\\laragon\\www\\MetoPark\\public\\index.php')
CRITICAL - 2024-11-29 16:24:52 --> Error: Call to a member function check() on null
[Method: GET, Route: /]
in APPPATH\Filters\AuthFilter.php on line 23.
 1 SYSTEMPATH\Filters\Filters.php(205): App\Filters\AuthFilter->before(Object(CodeIgniter\HTTP\IncomingRequest), null)
 2 SYSTEMPATH\Filters\Filters.php(184): CodeIgniter\Filters\Filters->runBefore([...])
 3 SYSTEMPATH\CodeIgniter.php(481): CodeIgniter\Filters\Filters->run('', 'before')
 4 SYSTEMPATH\CodeIgniter.php(355): CodeIgniter\CodeIgniter->handleRequest(null, Object(Config\Cache), false)
 5 SYSTEMPATH\Boot.php(325): CodeIgniter\CodeIgniter->run()
 6 SYSTEMPATH\Boot.php(67): CodeIgniter\Boot::runCodeIgniter(Object(CodeIgniter\CodeIgniter))
 7 FCPATH\index.php(56): CodeIgniter\Boot::bootWeb(Object(Config\Paths))
 8 SYSTEMPATH\rewrite.php(44): require_once('C:\\laragon\\www\\MetoPark\\public\\index.php')
CRITICAL - 2024-11-29 16:26:11 --> Error: Class "Myth\Auth\Auth" not found
[Method: GET, Route: /]
in APPPATH\Config\Services.php on line 17.
 1 SYSTEMPATH\Config\BaseService.php(251): Config\Services::auth(false)
 2 APPPATH\Config\Services.php(13): CodeIgniter\Config\BaseService::getSharedInstance('auth')
 3 SYSTEMPATH\Config\BaseService.php(321): Config\Services::auth()
 4 SYSTEMPATH\Config\BaseService.php(202): CodeIgniter\Config\BaseService::__callStatic('auth', [])
 5 SYSTEMPATH\Common.php(998): CodeIgniter\Config\BaseService::get('auth')
 6 APPPATH\Filters\AuthFilter.php(17): service('auth')
 7 SYSTEMPATH\Filters\Filters.php(197): App\Filters\AuthFilter->__construct()
 8 SYSTEMPATH\Filters\Filters.php(184): CodeIgniter\Filters\Filters->runBefore([...])
 9 SYSTEMPATH\CodeIgniter.php(481): CodeIgniter\Filters\Filters->run('', 'before')
10 SYSTEMPATH\CodeIgniter.php(355): CodeIgniter\CodeIgniter->handleRequest(null, Object(Config\Cache), false)
11 SYSTEMPATH\Boot.php(325): CodeIgniter\CodeIgniter->run()
12 SYSTEMPATH\Boot.php(67): CodeIgniter\Boot::runCodeIgniter(Object(CodeIgniter\CodeIgniter))
13 FCPATH\index.php(56): CodeIgniter\Boot::bootWeb(Object(Config\Paths))
14 SYSTEMPATH\rewrite.php(44): require_once('C:\\laragon\\www\\MetoPark\\public\\index.php')
CRITICAL - 2024-11-29 16:27:08 --> Error: Class "Myth\Auth\Auth" not found
[Method: GET, Route: /]
in APPPATH\Config\Services.php on line 17.
 1 SYSTEMPATH\Config\BaseService.php(251): Config\Services::auth(false)
 2 APPPATH\Config\Services.php(13): CodeIgniter\Config\BaseService::getSharedInstance('auth')
 3 SYSTEMPATH\Config\BaseService.php(321): Config\Services::auth()
 4 SYSTEMPATH\Config\BaseService.php(202): CodeIgniter\Config\BaseService::__callStatic('auth', [])
 5 SYSTEMPATH\Common.php(998): CodeIgniter\Config\BaseService::get('auth')
 6 APPPATH\Filters\AuthFilter.php(16): service('auth')
 7 SYSTEMPATH\Filters\Filters.php(197): App\Filters\AuthFilter->__construct()
 8 SYSTEMPATH\Filters\Filters.php(184): CodeIgniter\Filters\Filters->runBefore([...])
 9 SYSTEMPATH\CodeIgniter.php(481): CodeIgniter\Filters\Filters->run('', 'before')
10 SYSTEMPATH\CodeIgniter.php(355): CodeIgniter\CodeIgniter->handleRequest(null, Object(Config\Cache), false)
11 SYSTEMPATH\Boot.php(325): CodeIgniter\CodeIgniter->run()
12 SYSTEMPATH\Boot.php(67): CodeIgniter\Boot::runCodeIgniter(Object(CodeIgniter\CodeIgniter))
13 FCPATH\index.php(56): CodeIgniter\Boot::bootWeb(Object(Config\Paths))
14 SYSTEMPATH\rewrite.php(44): require_once('C:\\laragon\\www\\MetoPark\\public\\index.php')
CRITICAL - 2024-11-29 16:27:08 --> Error: Class "Myth\Auth\Auth" not found
[Method: GET, Route: /]
in APPPATH\Config\Services.php on line 17.
 1 SYSTEMPATH\Config\BaseService.php(251): Config\Services::auth(false)
 2 APPPATH\Config\Services.php(13): CodeIgniter\Config\BaseService::getSharedInstance('auth')
 3 SYSTEMPATH\Config\BaseService.php(321): Config\Services::auth()
 4 SYSTEMPATH\Config\BaseService.php(202): CodeIgniter\Config\BaseService::__callStatic('auth', [])
 5 SYSTEMPATH\Common.php(998): CodeIgniter\Config\BaseService::get('auth')
 6 APPPATH\Filters\AuthFilter.php(16): service('auth')
 7 SYSTEMPATH\Filters\Filters.php(197): App\Filters\AuthFilter->__construct()
 8 SYSTEMPATH\Filters\Filters.php(184): CodeIgniter\Filters\Filters->runBefore([...])
 9 SYSTEMPATH\CodeIgniter.php(481): CodeIgniter\Filters\Filters->run('', 'before')
10 SYSTEMPATH\CodeIgniter.php(355): CodeIgniter\CodeIgniter->handleRequest(null, Object(Config\Cache), false)
11 SYSTEMPATH\Boot.php(325): CodeIgniter\CodeIgniter->run()
12 SYSTEMPATH\Boot.php(67): CodeIgniter\Boot::runCodeIgniter(Object(CodeIgniter\CodeIgniter))
13 FCPATH\index.php(56): CodeIgniter\Boot::bootWeb(Object(Config\Paths))
14 SYSTEMPATH\rewrite.php(44): require_once('C:\\laragon\\www\\MetoPark\\public\\index.php')
CRITICAL - 2024-11-29 16:27:09 --> Error: Class "Myth\Auth\Auth" not found
[Method: GET, Route: /]
in APPPATH\Config\Services.php on line 17.
 1 SYSTEMPATH\Config\BaseService.php(251): Config\Services::auth(false)
 2 APPPATH\Config\Services.php(13): CodeIgniter\Config\BaseService::getSharedInstance('auth')
 3 SYSTEMPATH\Config\BaseService.php(321): Config\Services::auth()
 4 SYSTEMPATH\Config\BaseService.php(202): CodeIgniter\Config\BaseService::__callStatic('auth', [])
 5 SYSTEMPATH\Common.php(998): CodeIgniter\Config\BaseService::get('auth')
 6 APPPATH\Filters\AuthFilter.php(16): service('auth')
 7 SYSTEMPATH\Filters\Filters.php(197): App\Filters\AuthFilter->__construct()
 8 SYSTEMPATH\Filters\Filters.php(184): CodeIgniter\Filters\Filters->runBefore([...])
 9 SYSTEMPATH\CodeIgniter.php(481): CodeIgniter\Filters\Filters->run('', 'before')
10 SYSTEMPATH\CodeIgniter.php(355): CodeIgniter\CodeIgniter->handleRequest(null, Object(Config\Cache), false)
11 SYSTEMPATH\Boot.php(325): CodeIgniter\CodeIgniter->run()
12 SYSTEMPATH\Boot.php(67): CodeIgniter\Boot::runCodeIgniter(Object(CodeIgniter\CodeIgniter))
13 FCPATH\index.php(56): CodeIgniter\Boot::bootWeb(Object(Config\Paths))
14 SYSTEMPATH\rewrite.php(44): require_once('C:\\laragon\\www\\MetoPark\\public\\index.php')
CRITICAL - 2024-11-29 16:27:10 --> Error: Class "Myth\Auth\Auth" not found
[Method: GET, Route: /]
in APPPATH\Config\Services.php on line 17.
 1 SYSTEMPATH\Config\BaseService.php(251): Config\Services::auth(false)
 2 APPPATH\Config\Services.php(13): CodeIgniter\Config\BaseService::getSharedInstance('auth')
 3 SYSTEMPATH\Config\BaseService.php(321): Config\Services::auth()
 4 SYSTEMPATH\Config\BaseService.php(202): CodeIgniter\Config\BaseService::__callStatic('auth', [])
 5 SYSTEMPATH\Common.php(998): CodeIgniter\Config\BaseService::get('auth')
 6 APPPATH\Filters\AuthFilter.php(16): service('auth')
 7 SYSTEMPATH\Filters\Filters.php(197): App\Filters\AuthFilter->__construct()
 8 SYSTEMPATH\Filters\Filters.php(184): CodeIgniter\Filters\Filters->runBefore([...])
 9 SYSTEMPATH\CodeIgniter.php(481): CodeIgniter\Filters\Filters->run('', 'before')
10 SYSTEMPATH\CodeIgniter.php(355): CodeIgniter\CodeIgniter->handleRequest(null, Object(Config\Cache), false)
11 SYSTEMPATH\Boot.php(325): CodeIgniter\CodeIgniter->run()
12 SYSTEMPATH\Boot.php(67): CodeIgniter\Boot::runCodeIgniter(Object(CodeIgniter\CodeIgniter))
13 FCPATH\index.php(56): CodeIgniter\Boot::bootWeb(Object(Config\Paths))
14 SYSTEMPATH\rewrite.php(44): require_once('C:\\laragon\\www\\MetoPark\\public\\index.php')
CRITICAL - 2024-11-29 16:28:31 --> Error: Class "Myth\Auth\Auth" not found
[Method: GET, Route: /]
in APPPATH\Config\Services.php on line 17.
 1 SYSTEMPATH\Config\BaseService.php(251): Config\Services::auth(false)
 2 APPPATH\Config\Services.php(13): CodeIgniter\Config\BaseService::getSharedInstance('auth')
 3 SYSTEMPATH\Config\BaseService.php(321): Config\Services::auth()
 4 SYSTEMPATH\Config\BaseService.php(202): CodeIgniter\Config\BaseService::__callStatic('auth', [])
 5 SYSTEMPATH\Common.php(998): CodeIgniter\Config\BaseService::get('auth')
 6 APPPATH\Filters\AuthFilter.php(16): service('auth')
 7 SYSTEMPATH\Filters\Filters.php(197): App\Filters\AuthFilter->__construct()
 8 SYSTEMPATH\Filters\Filters.php(184): CodeIgniter\Filters\Filters->runBefore([...])
 9 SYSTEMPATH\CodeIgniter.php(481): CodeIgniter\Filters\Filters->run('', 'before')
10 SYSTEMPATH\CodeIgniter.php(355): CodeIgniter\CodeIgniter->handleRequest(null, Object(Config\Cache), false)
11 SYSTEMPATH\Boot.php(325): CodeIgniter\CodeIgniter->run()
12 SYSTEMPATH\Boot.php(67): CodeIgniter\Boot::runCodeIgniter(Object(CodeIgniter\CodeIgniter))
13 FCPATH\index.php(56): CodeIgniter\Boot::bootWeb(Object(Config\Paths))
14 SYSTEMPATH\rewrite.php(44): require_once('C:\\laragon\\www\\MetoPark\\public\\index.php')
CRITICAL - 2024-11-29 16:28:32 --> Error: Class "Myth\Auth\Auth" not found
[Method: GET, Route: /]
in APPPATH\Config\Services.php on line 17.
 1 SYSTEMPATH\Config\BaseService.php(251): Config\Services::auth(false)
 2 APPPATH\Config\Services.php(13): CodeIgniter\Config\BaseService::getSharedInstance('auth')
 3 SYSTEMPATH\Config\BaseService.php(321): Config\Services::auth()
 4 SYSTEMPATH\Config\BaseService.php(202): CodeIgniter\Config\BaseService::__callStatic('auth', [])
 5 SYSTEMPATH\Common.php(998): CodeIgniter\Config\BaseService::get('auth')
 6 APPPATH\Filters\AuthFilter.php(16): service('auth')
 7 SYSTEMPATH\Filters\Filters.php(197): App\Filters\AuthFilter->__construct()
 8 SYSTEMPATH\Filters\Filters.php(184): CodeIgniter\Filters\Filters->runBefore([...])
 9 SYSTEMPATH\CodeIgniter.php(481): CodeIgniter\Filters\Filters->run('', 'before')
10 SYSTEMPATH\CodeIgniter.php(355): CodeIgniter\CodeIgniter->handleRequest(null, Object(Config\Cache), false)
11 SYSTEMPATH\Boot.php(325): CodeIgniter\CodeIgniter->run()
12 SYSTEMPATH\Boot.php(67): CodeIgniter\Boot::runCodeIgniter(Object(CodeIgniter\CodeIgniter))
13 FCPATH\index.php(56): CodeIgniter\Boot::bootWeb(Object(Config\Paths))
14 SYSTEMPATH\rewrite.php(44): require_once('C:\\laragon\\www\\MetoPark\\public\\index.php')
CRITICAL - 2024-11-29 16:28:33 --> Error: Class "Myth\Auth\Auth" not found
[Method: GET, Route: /]
in APPPATH\Config\Services.php on line 17.
 1 SYSTEMPATH\Config\BaseService.php(251): Config\Services::auth(false)
 2 APPPATH\Config\Services.php(13): CodeIgniter\Config\BaseService::getSharedInstance('auth')
 3 SYSTEMPATH\Config\BaseService.php(321): Config\Services::auth()
 4 SYSTEMPATH\Config\BaseService.php(202): CodeIgniter\Config\BaseService::__callStatic('auth', [])
 5 SYSTEMPATH\Common.php(998): CodeIgniter\Config\BaseService::get('auth')
 6 APPPATH\Filters\AuthFilter.php(16): service('auth')
 7 SYSTEMPATH\Filters\Filters.php(197): App\Filters\AuthFilter->__construct()
 8 SYSTEMPATH\Filters\Filters.php(184): CodeIgniter\Filters\Filters->runBefore([...])
 9 SYSTEMPATH\CodeIgniter.php(481): CodeIgniter\Filters\Filters->run('', 'before')
10 SYSTEMPATH\CodeIgniter.php(355): CodeIgniter\CodeIgniter->handleRequest(null, Object(Config\Cache), false)
11 SYSTEMPATH\Boot.php(325): CodeIgniter\CodeIgniter->run()
12 SYSTEMPATH\Boot.php(67): CodeIgniter\Boot::runCodeIgniter(Object(CodeIgniter\CodeIgniter))
13 FCPATH\index.php(56): CodeIgniter\Boot::bootWeb(Object(Config\Paths))
14 SYSTEMPATH\rewrite.php(44): require_once('C:\\laragon\\www\\MetoPark\\public\\index.php')
CRITICAL - 2024-11-29 16:29:12 --> Error: Class "App\Filters\AuthFilter" not found
[Method: GET, Route: /]
in SYSTEMPATH\Filters\Filters.php on line 197.
 1 SYSTEMPATH\Filters\Filters.php(184): CodeIgniter\Filters\Filters->runBefore([...])
 2 SYSTEMPATH\CodeIgniter.php(481): CodeIgniter\Filters\Filters->run('', 'before')
 3 SYSTEMPATH\CodeIgniter.php(355): CodeIgniter\CodeIgniter->handleRequest(null, Object(Config\Cache), false)
 4 SYSTEMPATH\Boot.php(325): CodeIgniter\CodeIgniter->run()
 5 SYSTEMPATH\Boot.php(67): CodeIgniter\Boot::runCodeIgniter(Object(CodeIgniter\CodeIgniter))
 6 FCPATH\index.php(56): CodeIgniter\Boot::bootWeb(Object(Config\Paths))
 7 SYSTEMPATH\rewrite.php(44): require_once('C:\\laragon\\www\\MetoPark\\public\\index.php')
CRITICAL - 2024-11-29 16:29:13 --> Error: Class "App\Filters\AuthFilter" not found
[Method: GET, Route: /]
in SYSTEMPATH\Filters\Filters.php on line 197.
 1 SYSTEMPATH\Filters\Filters.php(184): CodeIgniter\Filters\Filters->runBefore([...])
 2 SYSTEMPATH\CodeIgniter.php(481): CodeIgniter\Filters\Filters->run('', 'before')
 3 SYSTEMPATH\CodeIgniter.php(355): CodeIgniter\CodeIgniter->handleRequest(null, Object(Config\Cache), false)
 4 SYSTEMPATH\Boot.php(325): CodeIgniter\CodeIgniter->run()
 5 SYSTEMPATH\Boot.php(67): CodeIgniter\Boot::runCodeIgniter(Object(CodeIgniter\CodeIgniter))
 6 FCPATH\index.php(56): CodeIgniter\Boot::bootWeb(Object(Config\Paths))
 7 SYSTEMPATH\rewrite.php(44): require_once('C:\\laragon\\www\\MetoPark\\public\\index.php')
