INFO - 2024-12-01 06:10:32 --> Session: Class initialized using 'CodeIgniter\Session\Handlers\FileHandler' driver.
CRITICAL - 2024-12-01 13:10:38 --> ErrorException: Undefined array key "imageFile"
[Method: GET, Route: upload]
in APPPATH\Views\upload.php on line 13.
 1 APPPATH\Views\upload.php(13): CodeIgniter\Debug\Exceptions->errorHandler(2, 'Undefined array key "imageFile"', 'C:\\laragon\\www\\MetoPark\\app\\Views\\upload.php', 13)
 2 SYSTEMPATH\View\View.php(234): include('C:\\laragon\\www\\MetoPark\\app\\Views\\upload.php')
 3 SYSTEMPATH\View\View.php(237): CodeIgniter\View\View->CodeIgniter\View\{closure}()
 4 SYSTEMPATH\Common.php(1171): CodeIgniter\View\View->render('upload', [], true)
 5 APPPATH\Controllers\Home.php(13): view('upload')
 6 SYSTEMPATH\CodeIgniter.php(933): App\Controllers\Home->upload()
 7 SYSTEMPATH\CodeIgniter.php(509): CodeIgniter\CodeIgniter->runController(Object(App\Controllers\Home))
 8 SYSTEMPATH\CodeIgniter.php(355): CodeIgniter\CodeIgniter->handleRequest(null, Object(Config\Cache), false)
 9 SYSTEMPATH\Boot.php(325): CodeIgniter\CodeIgniter->run()
10 SYSTEMPATH\Boot.php(67): CodeIgniter\Boot::runCodeIgniter(Object(CodeIgniter\CodeIgniter))
11 FCPATH\index.php(56): CodeIgniter\Boot::bootWeb(Object(Config\Paths))
12 SYSTEMPATH\rewrite.php(44): require_once('C:\\laragon\\www\\MetoPark\\public\\index.php')
CRITICAL - 2024-12-01 13:10:49 --> ErrorException: Undefined array key "imageFile"
[Method: GET, Route: upload]
in APPPATH\Views\upload.php on line 13.
 1 APPPATH\Views\upload.php(13): CodeIgniter\Debug\Exceptions->errorHandler(2, 'Undefined array key "imageFile"', 'C:\\laragon\\www\\MetoPark\\app\\Views\\upload.php', 13)
 2 SYSTEMPATH\View\View.php(234): include('C:\\laragon\\www\\MetoPark\\app\\Views\\upload.php')
 3 SYSTEMPATH\View\View.php(237): CodeIgniter\View\View->CodeIgniter\View\{closure}()
 4 SYSTEMPATH\Common.php(1171): CodeIgniter\View\View->render('upload', [], true)
 5 APPPATH\Controllers\Home.php(13): view('upload')
 6 SYSTEMPATH\CodeIgniter.php(933): App\Controllers\Home->upload()
 7 SYSTEMPATH\CodeIgniter.php(509): CodeIgniter\CodeIgniter->runController(Object(App\Controllers\Home))
 8 SYSTEMPATH\CodeIgniter.php(355): CodeIgniter\CodeIgniter->handleRequest(null, Object(Config\Cache), false)
 9 SYSTEMPATH\Boot.php(325): CodeIgniter\CodeIgniter->run()
10 SYSTEMPATH\Boot.php(67): CodeIgniter\Boot::runCodeIgniter(Object(CodeIgniter\CodeIgniter))
11 FCPATH\index.php(56): CodeIgniter\Boot::bootWeb(Object(Config\Paths))
12 SYSTEMPATH\rewrite.php(44): require_once('C:\\laragon\\www\\MetoPark\\public\\index.php')
INFO - 2024-12-01 06:10:51 --> Session: Class initialized using 'CodeIgniter\Session\Handlers\FileHandler' driver.
INFO - 2024-12-01 06:10:54 --> Session: Class initialized using 'CodeIgniter\Session\Handlers\FileHandler' driver.
INFO - 2024-12-01 06:10:55 --> Session: Class initialized using 'CodeIgniter\Session\Handlers\FileHandler' driver.
INFO - 2024-12-01 06:10:56 --> Session: Class initialized using 'CodeIgniter\Session\Handlers\FileHandler' driver.
INFO - 2024-12-01 06:10:57 --> Session: Class initialized using 'CodeIgniter\Session\Handlers\FileHandler' driver.
CRITICAL - 2024-12-01 13:17:22 --> ErrorException: Undefined array key "imageFile"
[Method: GET, Route: upload]
in APPPATH\Views\upload.php on line 13.
 1 APPPATH\Views\upload.php(13): CodeIgniter\Debug\Exceptions->errorHandler(2, 'Undefined array key "imageFile"', 'C:\\laragon\\www\\MetoPark\\app\\Views\\upload.php', 13)
 2 SYSTEMPATH\View\View.php(234): include('C:\\laragon\\www\\MetoPark\\app\\Views\\upload.php')
 3 SYSTEMPATH\View\View.php(237): CodeIgniter\View\View->CodeIgniter\View\{closure}()
 4 SYSTEMPATH\Common.php(1171): CodeIgniter\View\View->render('upload', [], true)
 5 APPPATH\Controllers\Home.php(13): view('upload')
 6 SYSTEMPATH\CodeIgniter.php(933): App\Controllers\Home->upload()
 7 SYSTEMPATH\CodeIgniter.php(509): CodeIgniter\CodeIgniter->runController(Object(App\Controllers\Home))
 8 SYSTEMPATH\CodeIgniter.php(355): CodeIgniter\CodeIgniter->handleRequest(null, Object(Config\Cache), false)
 9 SYSTEMPATH\Boot.php(325): CodeIgniter\CodeIgniter->run()
10 SYSTEMPATH\Boot.php(67): CodeIgniter\Boot::runCodeIgniter(Object(CodeIgniter\CodeIgniter))
11 FCPATH\index.php(56): CodeIgniter\Boot::bootWeb(Object(Config\Paths))
12 SYSTEMPATH\rewrite.php(44): require_once('C:\\laragon\\www\\MetoPark\\public\\index.php')
INFO - 2024-12-01 06:39:22 --> Session: Class initialized using 'CodeIgniter\Session\Handlers\FileHandler' driver.
INFO - 2024-12-01 06:39:24 --> Session: Class initialized using 'CodeIgniter\Session\Handlers\FileHandler' driver.
INFO - 2024-12-01 06:39:25 --> Session: Class initialized using 'CodeIgniter\Session\Handlers\FileHandler' driver.
INFO - 2024-12-01 06:39:26 --> Session: Class initialized using 'CodeIgniter\Session\Handlers\FileHandler' driver.
CRITICAL - 2024-12-01 13:39:39 --> ErrorException: Undefined array key "imageFile"
[Method: GET, Route: upload]
in APPPATH\Views\upload.php on line 13.
 1 APPPATH\Views\upload.php(13): CodeIgniter\Debug\Exceptions->errorHandler(2, 'Undefined array key "imageFile"', 'C:\\laragon\\www\\MetoPark\\app\\Views\\upload.php', 13)
 2 SYSTEMPATH\View\View.php(234): include('C:\\laragon\\www\\MetoPark\\app\\Views\\upload.php')
 3 SYSTEMPATH\View\View.php(237): CodeIgniter\View\View->CodeIgniter\View\{closure}()
 4 SYSTEMPATH\Common.php(1171): CodeIgniter\View\View->render('upload', [], true)
 5 APPPATH\Controllers\Home.php(13): view('upload')
 6 SYSTEMPATH\CodeIgniter.php(933): App\Controllers\Home->upload()
 7 SYSTEMPATH\CodeIgniter.php(509): CodeIgniter\CodeIgniter->runController(Object(App\Controllers\Home))
 8 SYSTEMPATH\CodeIgniter.php(355): CodeIgniter\CodeIgniter->handleRequest(null, Object(Config\Cache), false)
 9 SYSTEMPATH\Boot.php(325): CodeIgniter\CodeIgniter->run()
10 SYSTEMPATH\Boot.php(67): CodeIgniter\Boot::runCodeIgniter(Object(CodeIgniter\CodeIgniter))
11 FCPATH\index.php(56): CodeIgniter\Boot::bootWeb(Object(Config\Paths))
12 SYSTEMPATH\rewrite.php(44): require_once('C:\\laragon\\www\\MetoPark\\public\\index.php')
INFO - 2024-12-01 06:40:30 --> Session: Class initialized using 'CodeIgniter\Session\Handlers\FileHandler' driver.
INFO - 2024-12-01 06:41:40 --> Session: Class initialized using 'CodeIgniter\Session\Handlers\FileHandler' driver.
INFO - 2024-12-01 06:41:41 --> Session: Class initialized using 'CodeIgniter\Session\Handlers\FileHandler' driver.
INFO - 2024-12-01 06:41:41 --> Session: Class initialized using 'CodeIgniter\Session\Handlers\FileHandler' driver.
INFO - 2024-12-01 06:41:42 --> Session: Class initialized using 'CodeIgniter\Session\Handlers\FileHandler' driver.
INFO - 2024-12-01 06:42:09 --> Session: Class initialized using 'CodeIgniter\Session\Handlers\FileHandler' driver.
INFO - 2024-12-01 06:42:10 --> Session: Class initialized using 'CodeIgniter\Session\Handlers\FileHandler' driver.
INFO - 2024-12-01 06:42:11 --> Session: Class initialized using 'CodeIgniter\Session\Handlers\FileHandler' driver.
INFO - 2024-12-01 06:42:19 --> Session: Class initialized using 'CodeIgniter\Session\Handlers\FileHandler' driver.
INFO - 2024-12-01 06:42:20 --> Session: Class initialized using 'CodeIgniter\Session\Handlers\FileHandler' driver.
INFO - 2024-12-01 06:42:20 --> Session: Class initialized using 'CodeIgniter\Session\Handlers\FileHandler' driver.
INFO - 2024-12-01 06:42:21 --> Session: Class initialized using 'CodeIgniter\Session\Handlers\FileHandler' driver.
INFO - 2024-12-01 06:42:31 --> Session: Class initialized using 'CodeIgniter\Session\Handlers\FileHandler' driver.
INFO - 2024-12-01 06:42:32 --> Session: Class initialized using 'CodeIgniter\Session\Handlers\FileHandler' driver.
INFO - 2024-12-01 06:42:33 --> Session: Class initialized using 'CodeIgniter\Session\Handlers\FileHandler' driver.
CRITICAL - 2024-12-01 13:43:02 --> ErrorException: Undefined array key "imageFile"
[Method: GET, Route: upload]
in APPPATH\Views\upload.php on line 13.
 1 APPPATH\Views\upload.php(13): CodeIgniter\Debug\Exceptions->errorHandler(2, 'Undefined array key "imageFile"', 'C:\\laragon\\www\\MetoPark\\app\\Views\\upload.php', 13)
 2 SYSTEMPATH\View\View.php(234): include('C:\\laragon\\www\\MetoPark\\app\\Views\\upload.php')
 3 SYSTEMPATH\View\View.php(237): CodeIgniter\View\View->CodeIgniter\View\{closure}()
 4 SYSTEMPATH\Common.php(1171): CodeIgniter\View\View->render('upload', [], true)
 5 APPPATH\Controllers\Home.php(13): view('upload')
 6 SYSTEMPATH\CodeIgniter.php(933): App\Controllers\Home->upload()
 7 SYSTEMPATH\CodeIgniter.php(509): CodeIgniter\CodeIgniter->runController(Object(App\Controllers\Home))
 8 SYSTEMPATH\CodeIgniter.php(355): CodeIgniter\CodeIgniter->handleRequest(null, Object(Config\Cache), false)
 9 SYSTEMPATH\Boot.php(325): CodeIgniter\CodeIgniter->run()
10 SYSTEMPATH\Boot.php(67): CodeIgniter\Boot::runCodeIgniter(Object(CodeIgniter\CodeIgniter))
11 FCPATH\index.php(56): CodeIgniter\Boot::bootWeb(Object(Config\Paths))
12 SYSTEMPATH\rewrite.php(44): require_once('C:\\laragon\\www\\MetoPark\\public\\index.php')
